Compiling the C compiler identification source file "CMakeCCompilerId.c" failed.
Compiler: /Applications/Xcode.app/Contents/Developer/Toolchains/XcodeDefault.xctoolchain/usr/bin/cc 
Build flags: 
Id flags:  

The output was:
1
ld: library not found for -lSystem
clang: error: linker command failed with exit code 1 (use -v to see invocation)


Compiling the CXX compiler identification source file "CMakeCXXCompilerId.cpp" failed.
Compiler: /Applications/Xcode.app/Contents/Developer/Toolchains/XcodeDefault.xctoolchain/usr/bin/c++ 
Build flags: 
Id flags:  

The output was:
1
ld: library not found for -lc++
clang: error: linker command failed with exit code 1 (use -v to see invocation)


Determining if the function shm_open exists in the rt failed with the following output:
Change Dir: /Users/adamokruhlica/Documents/Code/C++/QuadTree/cmake-build-debug/CMakeFiles/CMakeTmp

Run Build Command(s):/Users/adamokruhlica/Library/Application Support/JetBrains/Toolbox/apps/CLion/ch-0/213.6461.75/CLion.app/Contents/bin/ninja/mac/ninja cmTC_bc72e && [1/2] Building C object CMakeFiles/cmTC_bc72e.dir/CheckFunctionExists.c.o
[2/2] Linking C executable cmTC_bc72e
[31mFAILED: [0mcmTC_bc72e 
: && /Applications/Xcode.app/Contents/Developer/Toolchains/XcodeDefault.xctoolchain/usr/bin/cc -DCHECK_FUNCTION_EXISTS=shm_open -arch arm64 -isysroot /Applications/Xcode.app/Contents/Developer/Platforms/MacOSX.platform/Developer/SDKs/MacOSX12.1.sdk -mmacosx-version-min=11.3 -Wl,-search_paths_first -Wl,-headerpad_max_install_names  CMakeFiles/cmTC_bc72e.dir/CheckFunctionExists.c.o -o cmTC_bc72e  -lrt && :
ld: library not found for -lrt
clang: error: linker command failed with exit code 1 (use -v to see invocation)
ninja: build stopped: subcommand failed.



Performing C++ SOURCE FILE Test HAVE_CXX_FLAG_WD654 failed with the following output:
Change Dir: /Users/adamokruhlica/Documents/Code/C++/QuadTree/cmake-build-debug/CMakeFiles/CMakeTmp

Run Build Command(s):/Users/adamokruhlica/Library/Application Support/JetBrains/Toolbox/apps/CLion/ch-0/213.6461.75/CLion.app/Contents/bin/ninja/mac/ninja cmTC_987f6 && [1/2] Building CXX object CMakeFiles/cmTC_987f6.dir/src.cxx.o
[31mFAILED: [0mCMakeFiles/cmTC_987f6.dir/src.cxx.o 
/Applications/Xcode.app/Contents/Developer/Toolchains/XcodeDefault.xctoolchain/usr/bin/c++ -DHAVE_CXX_FLAG_WD654  -std=c++11  -Wall  -Wextra  -Wshadow  -pedantic  -pedantic-errors  -Wshorten-64-to-32  -fstrict-aliasing  -Wno-deprecated-declarations  -Wstrict-aliasing  -wd654 -arch arm64 -isysroot /Applications/Xcode.app/Contents/Developer/Platforms/MacOSX.platform/Developer/SDKs/MacOSX12.1.sdk -mmacosx-version-min=11.3   -wd654 -MD -MT CMakeFiles/cmTC_987f6.dir/src.cxx.o -MF CMakeFiles/cmTC_987f6.dir/src.cxx.o.d -o CMakeFiles/cmTC_987f6.dir/src.cxx.o -c /Users/adamokruhlica/Documents/Code/C++/QuadTree/cmake-build-debug/CMakeFiles/CMakeTmp/src.cxx
clang: error: unknown argument: '-wd654'
clang: error: unknown argument: '-wd654'
ninja: build stopped: subcommand failed.


Source file was:
int main() { return 0; }
